0 info it worked if it ends with ok
1 verbose cli [ 'C:\\Program Files\\nodejs\\node.exe',
1 verbose cli   'C:\\Program Files\\nodejs\\node_modules\\npm\\bin\\npm-cli.js',
1 verbose cli   'start' ]
2 info using npm@4.1.2
3 info using node@v7.7.3
4 verbose run-script [ 'prestart', 'start', 'poststart' ]
5 info lifecycle java_script@1.0.0~prestart: java_script@1.0.0
6 silly lifecycle java_script@1.0.0~prestart: no script for prestart, continuing
7 info lifecycle java_script@1.0.0~start: java_script@1.0.0
8 verbose lifecycle java_script@1.0.0~start: unsafe-perm in lifecycle true
9 verbose lifecycle java_script@1.0.0~start: PATH: C:\Program Files\nodejs\node_modules\npm\bin\node-gyp-bin;C:\Users\support1\Documents\JavascriptProject\node_modules\.bin;C:\WINDOWS\system32;C:\WINDOWS;C:\WINDOWS\System32\Wbem;C:\WINDOWS\System32\WindowsPowerShell\v1.0\;C:\Program Files\Microsoft SQL Server\130\Tools\Binn\;C:\ProgramData\chocolatey\bin;C:\Program Files\Microsoft DNX\Dnvm\;C:\Program Files\Git\cmd;C:\WINDOWS\system32\config\systemprofile\.dnx\bin;C:\Program Files\Microsoft DNX\Dnvm\;C:\Program Files (x86)\Skype\Phone\;C:\Program Files (x86)\Windows Kits\10\Windows Performance Toolkit\;C:\Program Files\nodejs\;C:\Users\support1\AppData\Local\Microsoft\WindowsApps;C:\Program Files (x86)\Microsoft VS Code\bin;C:\Users\support1\AppData\Roaming\npm
10 verbose lifecycle java_script@1.0.0~start: CWD: C:\Users\support1\Documents\JavascriptProject
11 silly lifecycle java_script@1.0.0~start: Args: [ '/d /s /c', 'lite-server --baseDir=app' ]
12 verbose stack Error: kill ENOSYS
12 verbose stack     at exports._errnoException (util.js:1033:11)
12 verbose stack     at process.kill (internal/process.js:188:13)
12 verbose stack     at process.listener (C:\Program Files\nodejs\node_modules\npm\node_modules\npmlog\node_modules\gauge\node_modules\signal-exit\index.js:95:15)
12 verbose stack     at emitNone (events.js:86:13)
12 verbose stack     at process.emit (events.js:188:7)
12 verbose stack     at processEmit (C:\Program Files\nodejs\node_modules\npm\node_modules\npmlog\node_modules\gauge\node_modules\signal-exit\index.js:155:32)
12 verbose stack     at Signal.wrap.onsignal (internal/process.js:215:44)
13 verbose cwd C:\Users\support1\Documents\JavascriptProject
14 error Windows_NT 10.0.14393
15 error argv "C:\\Program Files\\nodejs\\node.exe" "C:\\Program Files\\nodejs\\node_modules\\npm\\bin\\npm-cli.js" "start"
16 error node v7.7.3
17 error npm  v4.1.2
18 error code ENOSYS
19 error errno ENOSYS
20 error syscall kill
21 error kill ENOSYS
22 error If you need help, you may report this error at:
22 error     <https://github.com/npm/npm/issues>
23 verbose exit [ 1, true ]
